C51 COMPILER V9.60.0.0   LCD12864_01                                                       04/05/2022 18:50:32 PAGE 1   


C51 COMPILER V9.60.0.0, COMPILATION OF MODULE LCD12864_01
OBJECT MODULE PLACED IN .\Objects\LCD12864_01.obj
COMPILER INVOKED BY: D:\Program\KEIL_MDK\C51\BIN\C51.EXE LCD12864_01.c OPTIMIZE(8,SPEED) BROWSE DEBUG OBJECTEXTEND PRINT
                    -(.\Listings\LCD12864_01.lst) TABS(2) OBJECT(.\Objects\LCD12864_01.obj)

line level    source

   1          #include <reg51.h>
   2          sbit E = P2^0;
   3          sbit RW = P2^1;
   4          sbit RS = P2^2;
   5          sbit CS1 = P2^3;
   6          sbit CS2 = P2^4;
   7          sbit RST = P2^5;
   8          unsigned char code dispx[]={
   9          0x00,0x00,0x00,0x00,0x00,0x00,0x00,0x00,0x00,0x00,0x00,0x00,0x00,0x00,0x00,0x00,
  10          0x00,0x00,0x00,0x00,0x00,0x80,0xC0,0x80,0xC0,0xC0,0xE0,0xE0,0xE0,0xE0,0xF0,0xF0,
  11          0xF0,0xE0,0xC0,0x80,0x00,0x00,0x00,0x00,0x00,0x00,0x00,0x00,0x00,0x00,0x00,0x00,
  12          0x00,0x00,0x00,0x00,0x00,0x00,0x00,0x00,0x00,0x00,0x00,0x00,0x00,0x00,0x00,0x00,
  13          0x00,0x00,0x00,0x00,0x00,0x00,0x00,0x00,0x00,0x00,0x00,0x00,0x00,0x00,0x00,0x00,
  14          0x00,0x00,0x00,0x00,0x00,0x00,0x00,0x00,0x00,0x00,0x00,0x00,0x00,0x00,0x00,0x00,
  15          0x00,0x00,0x00,0x00,0x00,0x00,0x00,0x00,0x00,0x00,0x00,0x00,0x00,0x00,0x00,0x00,
  16          0x00,0x00,0x00,0x00,0x00,0x00,0x00,0x00,0x00,0x00,0x00,0x00,0x00,0x00,0x00,0x00,
  17          0x00,0x00,0x00,0x00,0x00,0x00,0x00,0x00,0x00,0x00,0x00,0x00,0x00,0x00,0x00,0x00,
  18          0x00,0x00,0xE7,0xFF,0xFF,0xFF,0x7F,0xFF,0xFF,0xFF,0xCF,0x0F,0x0F,0x07,0x1F,0xFF,
  19          0xFF,0xFF,0xFF,0xFF,0xF8,0xE0,0x80,0x00,0x00,0x00,0x00,0x00,0x00,0x80,0xC0,0xE0,
  20          0xF0,0xF0,0xF8,0xFC,0xFC,0xFE,0xFE,0xFF,0xFE,0xFE,0xFE,0xFC,0x78,0x70,0x00,0x00,
  21          0x38,0xF8,0xF0,0xF0,0xF0,0xC0,0xC0,0x00,0x00,0x60,0xF0,0xF0,0xC0,0x00,0x00,0x00,
  22          0x00,0x00,0x00,0x00,0x00,0x00,0x00,0x00,0x00,0x00,0x00,0x80,0xC0,0xC0,0xF0,0xF0,
  23          0xF0,0xF0,0xE0,0xF0,0x80,0x00,0x00,0x00,0x00,0x00,0x00,0x00,0x00,0xFE,0xFE,0xFE,
  24          0xF8,0x00,0x00,0x00,0x00,0x00,0x00,0x80,0x80,0x80,0x00,0x00,0x00,0x00,0x00,0x00,
  25          0x00,0x00,0x00,0x00,0x00,0x00,0x00,0x00,0x00,0x00,0x80,0x80,0xE0,0xF0,0xF8,0xFC,
  26          0x3F,0x1F,0x6F,0xE3,0xE3,0xF1,0xF8,0xF8,0xFD,0xFD,0xFF,0xFF,0xFE,0xFE,0x7E,0x3E,
  27          0x3C,0x3F,0x7F,0xFF,0xFF,0xFF,0xFF,0x7E,0x3E,0x1E,0x3E,0x9E,0xFF,0xFF,0xFF,0xFF,
  28          0xFF,0xFF,0xFF,0xFF,0xFF,0xFF,0xFF,0xFF,0xFF,0xFF,0xFE,0xFC,0x78,0x30,0x80,0xC0,
  29          0xE0,0xFF,0xFF,0xFF,0xFF,0x7F,0xBF,0xFE,0xFE,0xFE,0xFD,0xFB,0xF7,0xD7,0xFE,0xFE,
  30          0xFE,0xFE,0xBE,0x3E,0x3C,0xFC,0xF0,0xE0,0xE6,0xA6,0x0F,0x3F,0x9F,0x9F,0x9F,0x1F,
  31          0x1F,0x8F,0x87,0x03,0x03,0xFC,0xFC,0xF8,0xF0,0x40,0x00,0x80,0x80,0xE9,0xFF,0xFF,
  32          0xFF,0xFC,0xBE,0xFE,0xDE,0xFF,0xEF,0xF7,0xFF,0xFF,0xFF,0xFF,0xFE,0xFC,0x00,0x00,
  33          0x00,0x00,0xC0,0xC0,0xC0,0x00,0xC0,0xE0,0xF8,0xFC,0xFF,0x3F,0x1F,0x07,0x03,0x02,
  34          0x00,0x00,0xC0,0xC0,0xC0,0xFB,0xFB,0xFF,0xFF,0xFF,0xFF,0xFF,0x7F,0x7E,0xBE,0xFE,
  35          0xDC,0xDC,0xC0,0xC0,0xC0,0x80,0x00,0x00,0x00,0x00,0xFC,0xFF,0xFF,0x7F,0xC7,0xCF,
  36          0xE7,0xF7,0xF3,0xFD,0x3C,0x3E,0x1F,0x3F,0xFF,0xFF,0xF1,0xCE,0xDE,0xDE,0xFF,0xFF,
  37          0xFF,0xFF,0xFF,0xFF,0xFF,0xFF,0xFF,0xFF,0xFF,0xFF,0x7F,0x67,0xFF,0xFF,0xFF,0xFF,
  38          0xFF,0xFF,0xFC,0xFE,0xFE,0x7F,0x3F,0x7F,0xFF,0xFF,0xFE,0x7E,0xFF,0xFF,0xFF,0x3E,
  39          0xFE,0xFF,0xFF,0xFE,0xF0,0xFF,0xFF,0xFF,0xFF,0xFE,0xFF,0xFF,0xFF,0xBF,0xFF,0xFF,
  40          0xFF,0xFF,0xFF,0xFF,0xCF,0xC7,0xFF,0xFF,0xFF,0xFF,0xFF,0xFF,0xFF,0xFF,0x00,0x00,
  41          0x30,0xFE,0xFF,0xFF,0xFD,0x7F,0x7F,0x0F,0x07,0x05,0x00,0x00,0x00,0x00,0x00,0x60,
  42          0xF0,0xF0,0xF3,0xFB,0xFF,0xFB,0xFB,0xFD,0xFF,0xFF,0xFF,0xFF,0x7F,0x7F,0x3F,0x3F,
  43          0x1F,0x1F,0x1F,0x1F,0x1F,0x1F,0x1F,0x1C,0x00,0x1F,0x7F,0x7F,0x7F,0x7F,0x7F,0x1F,
  44          0x0F,0x07,0x03,0x00,0x00,0x00,0x00,0x00,0x01,0x07,0x1F,0xFF,0xFF,0xFF,0xF7,0xEF,
  45          0x8F,0x0F,0x03,0x03,0x00,0x01,0x03,0x07,0x07,0x0F,0x00,0x00,0x00,0x01,0x01,0x07,
  46          0x07,0x01,0x01,0x00,0x00,0x00,0x00,0x00,0x00,0x00,0x00,0x03,0x7F,0x7F,0xFF,0xF0,
  47          0xFF,0xFF,0xFF,0xFF,0xFF,0x02,0x03,0x1F,0x7F,0x7F,0x7F,0xFF,0xFF,0x7F,0x7F,0x1F,
  48          0x1F,0x1F,0x07,0x1F,0x3F,0x7F,0x7F,0x7F,0x7F,0x7F,0x7F,0x7F,0x1F,0x00,0x00,0x00,
  49          0x00,0x00,0x00,0x00,0x00,0x00,0x00,0x00,0x00,0x00,0x00,0x00,0x00,0x00,0x00,0x00,
  50          0x00,0x00,0x01,0x01,0x01,0x03,0x03,0x03,0x01,0x00,0x00,0x00,0x00,0x00,0x00,0x00,
  51          0x00,0x00,0x00,0x00,0x00,0x00,0x00,0x00,0x00,0x00,0x00,0x00,0x00,0x00,0x00,0x00,
  52          0x00,0x00,0x00,0x00,0x00,0x00,0x00,0x00,0x00,0x00,0x00,0x03,0x07,0x0F,0x1F,0x1F,
  53          0x1F,0x1E,0x00,0x00,0x00,0x00,0x00,0x00,0x00,0x00,0x00,0x00,0x00,0x00,0x00,0x00,
  54          0x00,0x00,0x00,0x00,0x00,0x00,0x00,0x00,0x00,0x00,0x00,0x00,0x00,0x80,0x80,0x80,
C51 COMPILER V9.60.0.0   LCD12864_01                                                       04/05/2022 18:50:32 PAGE 2   

  55          0x83,0x03,0x03,0x03,0x01,0x00,0x00,0x00,0x00,0x00,0x00,0x00,0x00,0x00,0x00,0x00,
  56          0x00,0x00,0x00,0x00,0x00,0x00,0x00,0x00,0x00,0x00,0x00,0x00,0x00,0x00,0x00,0x00,
  57          0x00,0x00,0x00,0x00,0x00,0x00,0x00,0x00,0x00,0x00,0x00,0x00,0x00,0x00,0x00,0x00,
  58          0x00,0x00,0x00,0x00,0x00,0x00,0x00,0x00,0x00,0x00,0x00,0x00,0x00,0x00,0x00,0x00,
  59          0x00,0x00,0x00,0x00,0x00,0x00,0x00,0x00,0x00,0x00,0x00,0x00,0x00,0x00,0x00,0x00,
  60          0x00,0x00,0x00,0x00,0x00,0x00,0x00,0x00,0x00,0x00,0x00,0x00,0x00,0x00,0x00,0x00,
  61          0x00,0x00,0x00,0x00,0x00,0x00,0x00,0x00,0x00,0x00,0x00,0x00,0x00,0x00,0x00,0x00,
  62          0x00,0x00,0x00,0x00,0x00,0x00,0x00,0x00,0x00,0x80,0xFE,0xFE,0x36,0x7E,0x7F,0xD7,
  63          0xFF,0x7E,0x9F,0x9A,0x18,0x10,0x00,0x00,0x04,0x04,0x04,0x04,0x06,0x06,0x06,0x02,
  64          0xFF,0xFF,0x76,0xF8,0xDE,0xCE,0x04,0x00,0x00,0x00,0x00,0x00,0x00,0x00,0x00,0x00,
  65          0x00,0x00,0x00,0x00,0x00,0x00,0x00,0x00,0x00,0x00,0x00,0x00,0x00,0x00,0x00,0x00,
  66          0x00,0x00,0x00,0x00,0x00,0x00,0x00,0x00,0x00,0x00,0x00,0x00,0x00,0x00,0x00,0x00,
  67          0x00,0x00,0x00,0x00,0x00,0x00,0x00,0x00,0x00,0x00,0x00,0x00,0x00,0x00,0x00,0x00,
  68          0x00,0x00,0x00,0x00,0x00,0x00,0x00,0x00,0x00,0x00,0x00,0x00,0x00,0x00,0x00,0x00,
  69          0x00,0x00,0x00,0x00,0x00,0x00,0x00,0x00,0x00,0x00,0x00,0x00,0x00,0x00,0x00,0x00,
  70          0x00,0x00,0x00,0x00,0x00,0x00,0x00,0x18,0x1C,0x0F,0x03,0x01,0x1F,0x1F,0x01,0x7F,
  71          0x7F,0x09,0x1F,0x1F,0x03,0x00,0x00,0x00,0x00,0x00,0x00,0x00,0x00,0x00,0x00,0x00,
  72          0x03,0x0F,0x1E,0x18,0x38,0x30,0x3E,0x3E,0x00,0x00,0x00,0x00,0x00,0x00,0x00,0x00
  73          };
  74          void writeCMD(unsigned char x){
  75   1        int i;
  76   1        RS=0;//CMD
  77   1        RW=0;//Write
  78   1        P0=x;//CMD Content
  79   1        E=1;//Enable/Start Read/Write Data
  80   1        for(i=0;i<20;i++);//Wait
  81   1        E=0;//Colose/End Read/Write Data
  82   1      }
  83          void initLCD(){
  84   1        writeCMD(0x3F);//Open Display
  85   1        writeCMD(0xC0);//Set Initial Row
  86   1        writeCMD(0xB8);//Set X Coordinate
  87   1        writeCMD(0x40);//Set Y Coordinate
  88   1      }
  89          void writeData(unsigned char x){
  90   1        int i;
  91   1        RS=1;//Data
  92   1        RW=0;//Write
  93   1        P0=x;//Data Content
  94   1        E=1;//Enable/Start Read/Write Data
  95   1        for(i=0;i<20;i++);//Wait
  96   1        E=0;//Close/End Read/Write Data
  97   1      }
  98          void main(){
  99   1        int x,y,k;
 100   1        RST = 0;
 101   1        RST = 1;
 102   1        initLCD();
 103   1        //Only 8 rows data
 104   1        for(k=0,x=0;x<8;x++){
 105   2          //Left 64 points
 106   2          CS1 = 0;
 107   2          CS2 = 1;
 108   2          writeCMD(0xB8+x);
 109   2          for(y=0;y<64;y++){
 110   3            writeData(dispx[k++]);
 111   3          }
 112   2          //Right 64 points
 113   2          CS1 = 1;
 114   2          CS2 = 0;
 115   2          writeCMD(0xB8+x);
 116   2          for(y=0;y<64;y++){
C51 COMPILER V9.60.0.0   LCD12864_01                                                       04/05/2022 18:50:32 PAGE 3   

 117   3            writeData(dispx[k++]);
 118   3          }
 119   2        }
 120   1        while(1);
 121   1      }


MODULE INFORMATION:   STATIC OVERLAYABLE
   CODE SIZE        =    186    ----
   CONSTANT SIZE    =   1024    ----
   XDATA SIZE       =   ----    ----
   PDATA SIZE       =   ----    ----
   DATA SIZE        =   ----       2
   IDATA SIZE       =   ----    ----
   BIT SIZE         =   ----    ----
END OF MODULE INFORMATION.


C51 COMPILATION COMPLETE.  0 WARNING(S),  0 ERROR(S)
