C51 COMPILER V9.60.0.0   8_KEYPAD_02                                                       03/31/2022 20:17:02 PAGE 1   


C51 COMPILER V9.60.0.0, COMPILATION OF MODULE 8_KEYPAD_02
OBJECT MODULE PLACED IN .\Objects\8_KEYPAD_02.obj
COMPILER INVOKED BY: D:\Program\KEIL_MDK\C51\BIN\C51.EXE 8_KEYPAD_02.c OPTIMIZE(8,SPEED) BROWSE DEBUG OBJECTEXTEND PRINT
                    -(.\Listings\8_KEYPAD_02.lst) TABS(2) OBJECT(.\Objects\8_KEYPAD_02.obj)

line level    source

   1          #include <reg51.h>
   2          int readKey();
   3          int table[]={0x3f,0x06,0x5b,0x4f,0x66,0x6d,0x7d,0x07,0x7f,0x6f,0x77,0x7c,0x39,0x5e,0x79,0x71};
   4          void main(){
   5   1        int i,j,t,show[8];
   6   1        for(i=0;i<8;i++)show[i] = 0x00;
   7   1        while(1){
   8   2          int kv = readKey();
   9   2          if(kv != 0xFF){
  10   3            for(i=0;i<7;i++)show[i] = show[i+1];
  11   3            show[7] = table[kv];
  12   3            kv = 0xFF;
  13   3          }
  14   2          j = 0;
  15   2          t = 1;
  16   2          while(j < 9){
  17   3            P3 = 0xFF - t;
  18   3            P2 = show[j++];
  19   3            i = 150;
  20   3            while(i--);
  21   3            t = t * 2;
  22   3          }
  23   2        }
  24   1      }
  25          
  26          int readKey(){
  27   1          int keyValue = 0xFF;
  28   1          int debounce = 3000;
  29   1          long k,p; 
  30   1          //7,4,1,ON/C    
  31   1          P1 = 0xEF;
  32   1          p = P1;
  33   1          if(p!=0xEF){
  34   2            //debounce
  35   2            k = debounce;
  36   2            while(k--);
  37   2            p = P1;
  38   2            switch(p){
  39   3              case 0xEE: keyValue = 7; break;
  40   3              case 0xED: keyValue = 4; break;
  41   3              case 0xEB: keyValue =  1; break;
  42   3              case 0xE7: keyValue =  10; break;
  43   3            }
  44   2          }
  45   1          //8,5,2,0
  46   1          P1 = 0xDF;
  47   1          p = P1;
  48   1          if(p!=0xDF){
  49   2            //debounce
  50   2            k = debounce;
  51   2            while(k--);
  52   2            p = P1;
  53   2            switch(p){
  54   3              case 0xDE: keyValue =  8; break;
C51 COMPILER V9.60.0.0   8_KEYPAD_02                                                       03/31/2022 20:17:02 PAGE 2   

  55   3              case 0xDD: keyValue =  5; break;
  56   3              case 0xDB: keyValue =  2; break;
  57   3              case 0xD7: keyValue =  0; break;
  58   3            }
  59   2          }
  60   1          //9,6,3,=
  61   1          P1 = 0xBF;
  62   1          p = P1;
  63   1          if(p!=0xBF){
  64   2            //debounce
  65   2            k = debounce;
  66   2            while(k--);
  67   2            p = P1;
  68   2            switch(p){
  69   3              case 0xBE: keyValue =  9; break;
  70   3              case 0xBD: keyValue =  6; break;
  71   3              case 0xBB: keyValue =  3; break;
  72   3              case 0xB7: keyValue =  11; break;
  73   3            }
  74   2          }
  75   1          //%,X,-,+
  76   1          P1 = 0x7F;
  77   1          p = P1;
  78   1          if(p!=0x7F){
  79   2            //debounce
  80   2            k = debounce;
  81   2            while(k--);
  82   2            p = P1;
  83   2            switch(p){
  84   3              case 0x7E: keyValue =  12; break;
  85   3              case 0x7D: keyValue =  13; break;
  86   3              case 0x7B: keyValue =  14; break;
  87   3              case 0x77: keyValue =  15; break;
  88   3            }
  89   2          }
  90   1          return keyValue;
  91   1      }
  92          
  93          


MODULE INFORMATION:   STATIC OVERLAYABLE
   CODE SIZE        =    755    ----
   CONSTANT SIZE    =   ----    ----
   XDATA SIZE       =   ----    ----
   PDATA SIZE       =   ----    ----
   DATA SIZE        =     32      36
   IDATA SIZE       =   ----    ----
   BIT SIZE         =   ----    ----
END OF MODULE INFORMATION.


C51 COMPILATION COMPLETE.  0 WARNING(S),  0 ERROR(S)
