C51 COMPILER V9.60.0.0   PWM_01                                                            03/30/2022 22:57:57 PAGE 1   


C51 COMPILER V9.60.0.0, COMPILATION OF MODULE PWM_01
OBJECT MODULE PLACED IN .\Objects\PWM_01.obj
COMPILER INVOKED BY: D:\Program\KEIL_MDK\C51\BIN\C51.EXE PWM_01.c OPTIMIZE(8,SPEED) BROWSE DEBUG OBJECTEXTEND PRINT(.\Li
                    -stings\PWM_01.lst) TABS(2) OBJECT(.\Objects\PWM_01.obj)

line level    source

   1          #include <reg51.h>
   2          sbit led = P1^0;
   3          void main(){
   4   1        int i,j;
   5   1        
   6   1        //0% LIGHT
   7   1        j=1000;
   8   1        while(j--){
   9   2          led = 0;
  10   2          i=100;
  11   2          while(i--);
  12   2        }
  13   1        
  14   1        //50% LIGHT
  15   1        j=1000;
  16   1        while(j--){
  17   2          led = 0;
  18   2          i=50;
  19   2          while(i--);
  20   2      
  21   2          led = 1;
  22   2          i=50;
  23   2          while(i--);
  24   2        }
  25   1        
  26   1        //75% LIGHT
  27   1        j=1000;
  28   1        while(j--){
  29   2          led = 0;
  30   2          i=25;
  31   2          while(i--);
  32   2      
  33   2          led = 1;
  34   2          i=75;
  35   2          while(i--);
  36   2        }
  37   1        
  38   1        //100% LIGHT
  39   1        j=1000;
  40   1        while(j--){
  41   2          led = 1;
  42   2          i=100;
  43   2          while(i--);
  44   2        }
  45   1      }


MODULE INFORMATION:   STATIC OVERLAYABLE
   CODE SIZE        =    159    ----
   CONSTANT SIZE    =   ----    ----
   XDATA SIZE       =   ----    ----
   PDATA SIZE       =   ----    ----
   DATA SIZE        =   ----    ----
   IDATA SIZE       =   ----    ----
C51 COMPILER V9.60.0.0   PWM_01                                                            03/30/2022 22:57:57 PAGE 2   

   BIT SIZE         =   ----    ----
END OF MODULE INFORMATION.


C51 COMPILATION COMPLETE.  0 WARNING(S),  0 ERROR(S)
