C51 COMPILER V9.60.0.0   ONE_LED_01                                                        03/29/2022 23:23:06 PAGE 1   


C51 COMPILER V9.60.0.0, COMPILATION OF MODULE ONE_LED_01
OBJECT MODULE PLACED IN .\Objects\ONE_LED_01.obj
COMPILER INVOKED BY: D:\Program\KEIL_MDK\C51\BIN\C51.EXE ONE_LED_01.c OPTIMIZE(8,SPEED) BROWSE DEBUG OBJECTEXTEND PRINT(
                    -.\Listings\ONE_LED_01.lst) TABS(2) OBJECT(.\Objects\ONE_LED_01.obj)

line level    source

   1          #include <reg51.h>
   2          sbit led = P1^0;
   3          int main(){
   4   1        led = 0;
   5   1        IT0 = 1; //Falling Edge Trigger INT0 externel interrupt
   6   1        EX0 = 1; //Allow INT0 externel interrupt
   7   1        EA = 1;  //Open Main interrupt
   8   1        while(1);
   9   1        return 0;
  10   1      }
  11          
  12          void KEY_EX_INT0() interrupt 0{
  13   1        led = ~led;
  14   1        IE0 = 0; //Clear INT0
  15   1      }
*** WARNING C294 IN LINE 9 OF ONE_LED_01.c: unreachable code


MODULE INFORMATION:   STATIC OVERLAYABLE
   CODE SIZE        =     15    ----
   CONSTANT SIZE    =   ----    ----
   XDATA SIZE       =   ----    ----
   PDATA SIZE       =   ----    ----
   DATA SIZE        =   ----    ----
   IDATA SIZE       =   ----    ----
   BIT SIZE         =   ----    ----
END OF MODULE INFORMATION.


C51 COMPILATION COMPLETE.  1 WARNING(S),  0 ERROR(S)
