C51 COMPILER V9.60.0.0   MULTIPLE_LED_01                                                   03/30/2022 00:00:34 PAGE 1   


C51 COMPILER V9.60.0.0, COMPILATION OF MODULE MULTIPLE_LED_01
OBJECT MODULE PLACED IN .\Objects\MULTIPLE_LED_01.obj
COMPILER INVOKED BY: D:\Program\KEIL_MDK\C51\BIN\C51.EXE MULTIPLE_LED_01.c OPTIMIZE(8,SPEED) BROWSE DEBUG OBJECTEXTEND P
                    -RINT(.\Listings\MULTIPLE_LED_01.lst) TABS(2) OBJECT(.\Objects\MULTIPLE_LED_01.obj)

line level    source

   1          #include <reg51.h>
   2          int count;
   3          int main(){
   4   1        long i = 10000;
   5   1        int x;
   6   1        count = 0;
   7   1        TMOD = 0x01;
   8   1        TH0 = 0x3C;
   9   1        TL0 = 0xB0;
  10   1        ET0 = 1;
  11   1        EA = 1;
  12   1        TR0 = 1;
  13   1        for(x=0x01;x<=0x80;x=x*2){
  14   2          P2=x;
  15   2          while(count<20);
  16   2          count = 0;
  17   2        }
  18   1        return 0;
  19   1      }
  20          
  21          void timer() interrupt 1{
  22   1        count++;
  23   1        TH0 = 0x3C;
  24   1        TL0 = 0xB0;
  25   1      }


MODULE INFORMATION:   STATIC OVERLAYABLE
   CODE SIZE        =     96    ----
   CONSTANT SIZE    =   ----    ----
   XDATA SIZE       =   ----    ----
   PDATA SIZE       =   ----    ----
   DATA SIZE        =      2       4
   IDATA SIZE       =   ----    ----
   BIT SIZE         =   ----    ----
END OF MODULE INFORMATION.


C51 COMPILATION COMPLETE.  0 WARNING(S),  0 ERROR(S)
