C51 COMPILER V9.60.0.0   MOTOR_01                                                          04/13/2022 20:08:51 PAGE 1   


C51 COMPILER V9.60.0.0, COMPILATION OF MODULE MOTOR_01
OBJECT MODULE PLACED IN .\Objects\MOTOR_01.obj
COMPILER INVOKED BY: D:\Program\KEIL_MDK\C51\BIN\C51.EXE MOTOR_01.c OPTIMIZE(8,SPEED) BROWSE DEBUG OBJECTEXTEND PRINT(.\
                    -Listings\MOTOR_01.lst) TABS(2) OBJECT(.\Objects\MOTOR_01.obj)

line level    source

   1          #include <reg51.h>
   2          sbit pos = P1^0;
   3          sbit neg = P1^1;
   4          
   5          unsigned int TIME;
   6          
   7          unsigned char code turn[]={0x02,0x06,0x04,0x0c,0x08,0x09,0x01,0x03};
   8          void main(){
   9   1        unsigned char a;
  10   1        
  11   1        P2 = 0x03;
  12   1        
  13   1        TMOD = 0x01;
  14   1        TH0 = 0x3c;
  15   1        TL0 = 0xb0;
  16   1        EA = 1;
  17   1        ET0 = 1;
  18   1        TR0 = 1;
  19   1        
  20   1        while(1){
  21   2          if(pos&&neg) TIME = 0;
  22   2          if(!pos){
  23   3            if(TIME == 2){
  24   4              a = a<8?a+1:0;
  25   4              P2 = turn[a];
  26   4              TIME = 0;
  27   4            }
  28   3          }
  29   2          if(!neg){
  30   3            if(TIME == 2){
  31   4              a = a>0?a-1:7;
  32   4              P2 = turn[a];
  33   4              TIME = 0;
  34   4            }
  35   3          }
  36   2        }
  37   1      }
  38          
  39          void timer() interrupt 1{
  40   1        TH0 = 0x3c;
  41   1        TL0 = 0xb0;
  42   1        TIME++;
  43   1      }
  44          


MODULE INFORMATION:   STATIC OVERLAYABLE
   CODE SIZE        =    134    ----
   CONSTANT SIZE    =      8    ----
   XDATA SIZE       =   ----    ----
   PDATA SIZE       =   ----    ----
   DATA SIZE        =      2    ----
   IDATA SIZE       =   ----    ----
   BIT SIZE         =   ----    ----
C51 COMPILER V9.60.0.0   MOTOR_01                                                          04/13/2022 20:08:51 PAGE 2   

END OF MODULE INFORMATION.


C51 COMPILATION COMPLETE.  0 WARNING(S),  0 ERROR(S)
