C51 COMPILER V9.60.0.0   AD_01                                                             04/01/2022 00:28:20 PAGE 1   


C51 COMPILER V9.60.0.0, COMPILATION OF MODULE AD_01
OBJECT MODULE PLACED IN .\Objects\AD_01.obj
COMPILER INVOKED BY: D:\Program\KEIL_MDK\C51\BIN\C51.EXE AD_01.c OPTIMIZE(8,SPEED) BROWSE DEBUG OBJECTEXTEND PRINT(.\Lis
                    -tings\AD_01.lst) TABS(2) OBJECT(.\Objects\AD_01.obj)

line level    source

   1          #include <reg51.h>
   2          #include <absacc.h>
   3          #define AD XBYTE[0xFEFC]//IN1 -- 1111 1001(F9), IN2 -- 1111 1010(FA), IN3 -- 1111 1011(FB), IN4 -- 1111 11
             -00(FC)
   4          sbit bai = P2^4;
   5          sbit shi = P2^5;
   6          sbit ge = P2^6;
   7          int num[]={0x3f,0x06,0x5b,0x4f,0x66,0x6d,0x7d,0x07,0x7f,0x6f,0x77,0x7c,0x39,0x5e,0x79,0x71};
   8          int x,i;
   9          void main(){
  10   1        EA=1;
  11   1        EX0=1;
  12   1        IT0=1;
  13   1      
  14   1        x = 789;
  15   1        bai = 1;
  16   1        shi = 1;
  17   1        ge = 1;
  18   1        while(1){
  19   2          AD = 0;
  20   2          P1 = num[x/100];
  21   2          bai = 0;
  22   2          i = 50;
  23   2          while(i--);
  24   2          bai = 1;
  25   2          
  26   2          P1 = num[x/10%10];
  27   2          shi = 0;
  28   2          i = 50;
  29   2          while(i--);
  30   2          shi = 1;
  31   2          
  32   2          P1 = num[x%10];
  33   2          ge = 0;
  34   2          i = 50;
  35   2          while(i--);
  36   2          ge = 1;
  37   2        }
  38   1      }
  39          
  40          void ADChange() interrupt 0{
  41   1        x = AD;
  42   1      }
  43          


MODULE INFORMATION:   STATIC OVERLAYABLE
   CODE SIZE        =    184    ----
   CONSTANT SIZE    =   ----    ----
   XDATA SIZE       =   ----    ----
   PDATA SIZE       =   ----    ----
   DATA SIZE        =     36    ----
   IDATA SIZE       =   ----    ----
   BIT SIZE         =   ----    ----
C51 COMPILER V9.60.0.0   AD_01                                                             04/01/2022 00:28:20 PAGE 2   

END OF MODULE INFORMATION.


C51 COMPILATION COMPLETE.  0 WARNING(S),  0 ERROR(S)
