C51 COMPILER V9.60.0.0   MOTOR_STEPPER_01                                                  04/27/2022 23:42:24 PAGE 1   


C51 COMPILER V9.60.0.0, COMPILATION OF MODULE MOTOR_STEPPER_01
OBJECT MODULE PLACED IN .\Objects\MOTOR_STEPPER_01.obj
COMPILER INVOKED BY: D:\Program\KEIL_MDK\C51\BIN\C51.EXE MOTOR_STEPPER_01.c OPTIMIZE(8,SPEED) BROWSE DEBUG OBJECTEXTEND 
                    -PRINT(.\Listings\MOTOR_STEPPER_01.lst) TABS(2) OBJECT(.\Objects\MOTOR_STEPPER_01.obj)

line level    source

   1          #include <reg51.h>
   2          sbit pos = P1^0;
   3          sbit neg = P1^1;
   4          sbit acc = P1^2;
   5          sbit dec = P1^3;
   6          
   7          unsigned int TIME;
   8          unsigned int TIME_START = 0x3CB0; //65536 - 15536 = 1ms
   9          unsigned char code turn[]={0x02,0x06,0x04,0x0c,0x08,0x09,0x01,0x03};
  10          
  11          void delay(unsigned int x){
  12   1        while(x--);
  13   1      }
  14          
  15          void main(){
  16   1        unsigned char a;
  17   1        
  18   1        P2 = 0x03;
  19   1        
  20   1        TMOD = 0x01;
  21   1        TH0 = TIME_START/0xFF;
  22   1        TL0 = TIME_START%0xFF;
  23   1        EA = 1;
  24   1        ET0 = 1;
  25   1        TR0 = 1;
  26   1        
  27   1        while(1){
  28   2          if(pos&&neg) TIME = 0;
  29   2          if(!pos){
  30   3            if(TIME == 2){
  31   4              a = a<8?a+1:0;
  32   4              P2 = turn[a];
  33   4              TIME = 0;
  34   4            }
  35   3          }
  36   2          if(!neg){
  37   3            if(TIME == 2){
  38   4              a = a>0?a-1:7;
  39   4              P2 = turn[a];
  40   4              TIME = 0;
  41   4            }
  42   3          }
  43   2      
  44   2          if(acc==0) {
  45   3            delay(1000);
  46   3            while(!acc);
  47   3            if(TIME_START < 0xFFFF - 0x000a * 500){
  48   4              TIME=0;
  49   4              TIME_START = TIME_START + 0x000a * 500;
  50   4            }
  51   3          }
  52   2          if(dec==0) {
  53   3            delay(1000);
  54   3            while(!dec);
C51 COMPILER V9.60.0.0   MOTOR_STEPPER_01                                                  04/27/2022 23:42:24 PAGE 2   

  55   3            if(TIME_START > 0x000a * 500){
  56   4              TIME=0;
  57   4              TIME_START = TIME_START - 0x000a * 500;
  58   4            }
  59   3          }
  60   2        }
  61   1      }
  62          
  63          void timer() interrupt 1{
  64   1        TH0 = TIME_START/0xFF;
  65   1        TL0 = TIME_START%0xFF;
  66   1        TIME++;
  67   1      }
  68          


MODULE INFORMATION:   STATIC OVERLAYABLE
   CODE SIZE        =    305    ----
   CONSTANT SIZE    =      8    ----
   XDATA SIZE       =   ----    ----
   PDATA SIZE       =   ----    ----
   DATA SIZE        =      4    ----
   IDATA SIZE       =   ----    ----
   BIT SIZE         =   ----    ----
END OF MODULE INFORMATION.


C51 COMPILATION COMPLETE.  0 WARNING(S),  0 ERROR(S)
