C51 COMPILER V9.60.0.0   ULN2003_01                                                        04/24/2022 23:07:11 PAGE 1   


C51 COMPILER V9.60.0.0, COMPILATION OF MODULE ULN2003_01
OBJECT MODULE PLACED IN .\Objects\ULN2003_01.obj
COMPILER INVOKED BY: D:\Program\KEIL_MDK\C51\BIN\C51.EXE ULN2003_01.c OPTIMIZE(8,SPEED) BROWSE DEBUG OBJECTEXTEND PRINT(
                    -.\Listings\ULN2003_01.lst) TABS(2) OBJECT(.\Objects\ULN2003_01.obj)

line level    source

   1          #include <reg51.h>
   2          sbit pos = P1^0;
   3          sbit neg = P1^1;
   4          sbit acc = P1^2;
   5          sbit dec = P1^3;
   6          
   7          unsigned int TIME;
   8          unsigned int TIME_START = 0x3cb0;
   9          unsigned char code turn[]={0x02,0x06,0x04,0x0c,0x08,0x09,0x01,0x03};
  10          
  11          void main(){
  12   1        unsigned char a;
  13   1        
  14   1        P2 = 0x03;
  15   1        
  16   1        TMOD = 0x01;
  17   1        TH0 = TIME_START/0xFF;
  18   1        TL0 = TIME_START - (TIME_START/0xFF);
  19   1        EA = 1;
  20   1        ET0 = 1;
  21   1        TR0 = 1;
  22   1        
  23   1        while(1){
  24   2          if(pos&&neg) TIME = 0;
  25   2          if(!pos){
  26   3            if(TIME == 2){
  27   4              a = a<8?a+1:0;
  28   4              P2 = turn[a];
  29   4              TIME = 0;
  30   4            }
  31   3          }
  32   2          if(!neg){
  33   3            if(TIME == 2){
  34   4              a = a>0?a-1:7;
  35   4              P2 = turn[a];
  36   4              TIME = 0;
  37   4            }
  38   3          }
  39   2          if(acc!=dec){
  40   3            if(!acc && TIME_START>0){
  41   4              TIME_START = TIME_START - 0x01;
  42   4            }else if(!dec && TIME_START<0x3cb0){
  43   4              TIME_START = TIME_START + 0x01;
  44   4            }
  45   3          }
  46   2        }
  47   1      }
  48          
  49          void timer() interrupt 1{
  50   1        TH0 = TIME_START/0xFF;
  51   1        TL0 = TIME_START - (TIME_START/0xFF);
  52   1        TIME++;
  53   1      }
  54          
C51 COMPILER V9.60.0.0   ULN2003_01                                                        04/24/2022 23:07:11 PAGE 2   



MODULE INFORMATION:   STATIC OVERLAYABLE
   CODE SIZE        =    251    ----
   CONSTANT SIZE    =      8    ----
   XDATA SIZE       =   ----    ----
   PDATA SIZE       =   ----    ----
   DATA SIZE        =      4    ----
   IDATA SIZE       =   ----    ----
   BIT SIZE         =   ----    ----
END OF MODULE INFORMATION.


C51 COMPILATION COMPLETE.  0 WARNING(S),  0 ERROR(S)
