C51 COMPILER V9.60.0.0   8_DIGITAL_LED_01                                                  03/30/2022 23:30:39 PAGE 1   


C51 COMPILER V9.60.0.0, COMPILATION OF MODULE 8_DIGITAL_LED_01
OBJECT MODULE PLACED IN .\Objects\8_DIGITAL_LED_01.obj
COMPILER INVOKED BY: D:\Program\KEIL_MDK\C51\BIN\C51.EXE 8_DIGITAL_LED_01.c OPTIMIZE(8,SPEED) BROWSE DEBUG OBJECTEXTEND 
                    -PRINT(.\Listings\8_DIGITAL_LED_01.lst) TABS(2) OBJECT(.\Objects\8_DIGITAL_LED_01.obj)

line level    source

   1          #include <reg51.h>
   2          
   3          char code table[]={0x3f,0x06,0x5b,0x4f,0x66,0x6d,0x7d,0x07,0x7f,0x6f,0x77,0x7c,0x39,0x5e,0x79,0x71};
   4          void main(){
   5   1        long i,j,k; 
   6   1        j = 0;
   7   1        k = 1; 
   8   1        while(j<9){
   9   2          P3 = 0xff-k;
  10   2          P2 = table[j++];
  11   2          i = 50;
  12   2          while(i--);
  13   2          k = k*2;
  14   2        }
  15   1      }
  16          
  17          
  18          


MODULE INFORMATION:   STATIC OVERLAYABLE
   CODE SIZE        =    114    ----
   CONSTANT SIZE    =     16    ----
   XDATA SIZE       =   ----    ----
   PDATA SIZE       =   ----    ----
   DATA SIZE        =   ----      12
   IDATA SIZE       =   ----    ----
   BIT SIZE         =   ----    ----
END OF MODULE INFORMATION.


C51 COMPILATION COMPLETE.  0 WARNING(S),  0 ERROR(S)
