C51 COMPILER V9.60.0.0   8_KEYPAD_01                                                       03/31/2022 19:43:03 PAGE 1   


C51 COMPILER V9.60.0.0, COMPILATION OF MODULE 8_KEYPAD_01
OBJECT MODULE PLACED IN .\Objects\8_KEYPAD_01.obj
COMPILER INVOKED BY: D:\Program\KEIL_MDK\C51\BIN\C51.EXE 8_KEYPAD_01.c OPTIMIZE(8,SPEED) BROWSE DEBUG OBJECTEXTEND PRINT
                    -(.\Listings\8_KEYPAD_01.lst) TABS(2) OBJECT(.\Objects\8_KEYPAD_01.obj)

line level    source

   1          #include <reg51.h>
   2          
   3          int table[]={0x3f,0x06,0x5b,0x4f,0x66,0x6d,0x7d,0x07,0x7f,0x6f,0x77,0x7c,0x39,0x5e,0x79,0x71};
   4          void main(){
   5   1        long k,p; 
   6   1        int num;
   7   1      
   8   1        while(1){
   9   2          //7,4,1,ON/C    
  10   2          P1 = 0xEF;
  11   2          p = P1;
  12   2          if(p!=0xEF){
  13   3            //debounce
  14   3            k = 2000;
  15   3            while(k--);
  16   3            p = P1;
  17   3            switch(p){
  18   4              case 0xEE: num = table[7]; break;
  19   4              case 0xED: num = table[4]; break;
  20   4              case 0xEB: num = table[1]; break;
  21   4              case 0xE7: num = table[10]; break;
  22   4            }
  23   3          }
  24   2          //8,5,2,0
  25   2          P1 = 0xDF;
  26   2          p = P1;
  27   2          if(p!=0xDF){
  28   3            //debounce
  29   3            k = 2000;
  30   3            while(k--);
  31   3            p = P1;
  32   3            switch(p){
  33   4              case 0xDE: num = table[8]; break;
  34   4              case 0xDD: num = table[5]; break;
  35   4              case 0xDB: num = table[2]; break;
  36   4              case 0xD7: num = table[0]; break;
  37   4            }
  38   3          }
  39   2          //9,6,3,=
  40   2          P1 = 0xBF;
  41   2          p = P1;
  42   2          if(p!=0xBF){
  43   3            //debounce
  44   3            k = 2000;
  45   3            while(k--);
  46   3            p = P1;
  47   3            switch(p){
  48   4              case 0xBE: num = table[9]; break;
  49   4              case 0xBD: num = table[6]; break;
  50   4              case 0xBB: num = table[3]; break;
  51   4              case 0xB7: num = table[11]; break;
  52   4            }
  53   3          }
  54   2          //%,X,-,+
C51 COMPILER V9.60.0.0   8_KEYPAD_01                                                       03/31/2022 19:43:03 PAGE 2   

  55   2          P1 = 0x7F;
  56   2          p = P1;
  57   2          if(p!=0x7F){
  58   3            //debounce
  59   3            k = 2000;
  60   3            while(k--);
  61   3            p = P1;
  62   3            switch(p){
  63   4              case 0x7E: num = table[12]; break;
  64   4              case 0x7D: num = table[13]; break;
  65   4              case 0x7B: num = table[14]; break;
  66   4              case 0x77: num = table[15]; break;
  67   4            }
  68   3          }
  69   2          
  70   2          P3 = 0x7F;
  71   2          P2 = num;
  72   2        }
  73   1        
  74   1          
  75   1      }
  76          
  77          
  78          


MODULE INFORMATION:   STATIC OVERLAYABLE
   CODE SIZE        =    545    ----
   CONSTANT SIZE    =   ----    ----
   XDATA SIZE       =   ----    ----
   PDATA SIZE       =   ----    ----
   DATA SIZE        =     32      10
   IDATA SIZE       =   ----    ----
   BIT SIZE         =   ----    ----
END OF MODULE INFORMATION.


C51 COMPILATION COMPLETE.  0 WARNING(S),  0 ERROR(S)
